<?xml version="1.0" encoding="UTF-8"?>
<!-- Generated by org.testng.reporters.JUnitReportReporter -->
<testsuite hostname="DESKTOP-anirban" failures="0" tests="6" name="org.Scopex.ScopexAssesment" time="13.524" errors="0" timestamp="2023-02-27T03:26:18 IST" skipped="0">
  <testcase classname="org.Scopex.ScopexAssesment" name="loginTest" time="5.157"/>
  <system-out/>
  <testcase classname="org.Scopex.ScopexAssesment" name="locateNavigationMenu" time="0.903"/>
  <system-out/>
  <testcase classname="org.Scopex.ScopexAssesment" name="faqs" time="0.890"/>
  <system-out/>
  <testcase classname="org.Scopex.ScopexAssesment" name="Contactus" time="0.591"/>
  <system-out/>
  <testcase classname="org.Scopex.ScopexAssesment" name="Register" time="3.289"/>
  <system-out/>
  <testcase classname="org.Scopex.ScopexAssesment" name="LogInPage" time="2.694"/>
  <system-out/>
</testsuite> <!-- org.Scopex.ScopexAssesment -->
